Thu, 04 Jun 2020 09:10:24 +0000
get page://self/

Twig\Error\LoaderError(The "/Applications/MAMP/htdocs/Polidog.Todo/var/templates" directory does not exist ("/Applications/MAMP/htdocs/Polidog.Todo/var/templates").)
 in file /Applications/MAMP/htdocs/Polidog.Todo/vendor/twig/twig/src/Loader/FilesystemLoader.php on line 106

#0 /Applications/MAMP/htdocs/Polidog.Todo/vendor/twig/twig/src/Loader/FilesystemLoader.php(87): Twig\Loader\FilesystemLoader->addPath('/Applications/M...', '__main__')
#1 /Applications/MAMP/htdocs/Polidog.Todo/vendor/twig/twig/src/Loader/FilesystemLoader.php(45): Twig\Loader\FilesystemLoader->setPaths(Array)
#2 /Applications/MAMP/htdocs/Polidog.Todo/var/tmp/html-app/di/Twig_Loader_LoaderInterface-Madapaja_TwigModule_Annotation_TwigLoader.php(5): Twig\Loader\FilesystemLoader->__construct(Array, NULL)
#3 /Applications/MAMP/htdocs/Polidog.Todo/vendor/ray/compiler/src/ScriptInjector.php(85): require('/Applications/M...')
#4 /Applications/MAMP/htdocs/Polidog.Todo/var/tmp/html-app/di/Twig_Environment-.php(5): Ray\Compiler\ScriptInjector->Ray\Compiler\{closure}('Twig\\Loader\\Loa...')
#5 /Applications/MAMP/htdocs/Polidog.Todo/vendor/ray/compiler/src/ScriptInjector.php(85): require('/Applications/M...')
#6 /Applications/MAMP/htdocs/Polidog.Todo/var/tmp/html-app/di/BEAR_Resource_RenderInterface-.php(5): Ray\Compiler\ScriptInjector->Ray\Compiler\{closure}('Twig\\Environmen...')
#7 /Applications/MAMP/htdocs/Polidog.Todo/vendor/ray/compiler/src/ScriptInjector.php(94): require('/Applications/M...')
#8 /Applications/MAMP/htdocs/Polidog.Todo/var/tmp/html-app/di/Polidog_Todo_Resource_Page_Index-.php(7): Ray\Compiler\ScriptInjector->Ray\Compiler\{closure}('BEAR\\Resource\\R...')
#9 /Applications/MAMP/htdocs/Polidog.Todo/vendor/ray/compiler/src/ScriptInjector.php(138): require('/Applications/M...')
#10 /Applications/MAMP/htdocs/Polidog.Todo/vendor/bear/resource/src/AppAdapter.php(56): Ray\Compiler\ScriptInjector->getInstance('Polidog\\Todo\\Re...')
#11 /Applications/MAMP/htdocs/Polidog.Todo/vendor/bear/resource/src/Factory.php(50): BEAR\Resource\AppAdapter->get(Object(BEAR\Resource\Uri))
#12 /Applications/MAMP/htdocs/Polidog.Todo/vendor/bear/resource/src/Resource.php(107): BEAR\Resource\Factory->newInstance(Object(BEAR\Resource\Uri))
#13 /Applications/MAMP/htdocs/Polidog.Todo/vendor/bear/resource/src/Resource.php(127): BEAR\Resource\Resource->newInstance(Object(BEAR\Resource\Uri))
#14 /Applications/MAMP/htdocs/Polidog.Todo/bootstrap.php(14): BEAR\Resource\Resource->uri('page://self/')
#15 /Applications/MAMP/htdocs/Polidog.Todo/public/index.php(4): {closure}('html-app')
#16 {main}

PHP Variables

$_SERVER => Array
(
    [DOCUMENT_ROOT] => /Applications/MAMP/htdocs/Polidog.Todo
    [REMOTE_ADDR] => 127.0.0.1
    [REMOTE_PORT] => 64597
    [SERVER_SOFTWARE] => PHP 7.4.6 Development Server
    [SERVER_PROTOCOL] => HTTP/1.1
    [SERVER_NAME] => 127.0.0.1
    [SERVER_PORT] => 8080
    [REQUEST_URI] => /
    [REQUEST_METHOD] => GET
    [SCRIPT_NAME] => /
    [SCRIPT_FILENAME] => public/index.php
    [PHP_SELF] => /
    [HTTP_HOST] => 127.0.0.1:8080
    [HTTP_CONNECTION] => keep-alive
    [HTTP_CACHE_CONTROL] => max-age=0
    [HTTP_UPGRADE_INSECURE_REQUESTS] => 1
    [HTTP_USER_AGENT] => Mozilla/5.0 (Macintosh; Intel Mac OS X 10_15_5) AppleWebKit/537.36 (KHTML, like Gecko) Chrome/83.0.4103.61 Safari/537.36
    [HTTP_ACCEPT] => text/html,application/xhtml+xml,application/xml;q=0.9,image/webp,image/apng,*/*;q=0.8,application/signed-exchange;v=b3;q=0.9
    [HTTP_SEC_FETCH_SITE] => none
    [HTTP_SEC_FETCH_MODE] => navigate
    [HTTP_SEC_FETCH_USER] => ?1
    [HTTP_SEC_FETCH_DEST] => document
    [HTTP_ACCEPT_ENCODING] => gzip, deflate, br
    [HTTP_ACCEPT_LANGUAGE] => ja,en-US;q=0.9,en;q=0.8
    [REQUEST_TIME_FLOAT] => 1591261823.7345
    [REQUEST_TIME] => 1591261823
)


