Fri, 05 Jun 2020 05:39:00 +0000
get page://self/done?id=2

BEAR\Resource\Exception\ResourceNotFoundException(page://self/done)
 in file /Applications/MAMP/htdocs/Polidog.Todo/vendor/bear/resource/src/AppAdapter.php on line 71

#0 /Applications/MAMP/htdocs/Polidog.Todo/vendor/bear/resource/src/AppAdapter.php(58): BEAR\Resource\AppAdapter->getNotFound(Object(BEAR\Resource\Uri), Object(Ray\Compiler\Exception\Unbound), 'Polidog\\Todo\\Re...')
#1 /Applications/MAMP/htdocs/Polidog.Todo/vendor/bear/resource/src/Factory.php(50): BEAR\Resource\AppAdapter->get(Object(BEAR\Resource\Uri))
#2 /Applications/MAMP/htdocs/Polidog.Todo/vendor/bear/resource/src/Resource.php(107): BEAR\Resource\Factory->newInstance(Object(BEAR\Resource\Uri))
#3 /Applications/MAMP/htdocs/Polidog.Todo/vendor/bear/resource/src/Resource.php(127): BEAR\Resource\Resource->newInstance(Object(BEAR\Resource\Uri))
#4 /Applications/MAMP/htdocs/Polidog.Todo/bootstrap.php(14): BEAR\Resource\Resource->uri('page://self/don...')
#5 /Applications/MAMP/htdocs/Polidog.Todo/public/index.php(4): {closure}('html-app')
#6 {main}

PHP Variables

$_SERVER => Array
(
    [DOCUMENT_ROOT] => /Applications/MAMP/htdocs/Polidog.Todo
    [REMOTE_ADDR] => ::1
    [REMOTE_PORT] => 51939
    [SERVER_SOFTWARE] => PHP 7.4.6 Development Server
    [SERVER_PROTOCOL] => HTTP/1.1
    [SERVER_NAME] => localhost
    [SERVER_PORT] => 8080
    [REQUEST_URI] => /done?id=2
    [REQUEST_METHOD] => GET
    [SCRIPT_NAME] => /done
    [SCRIPT_FILENAME] => public/index.php
    [PHP_SELF] => /done
    [QUERY_STRING] => id=2
    [HTTP_HOST] => localhost:8080
    [HTTP_CONNECTION] => keep-alive
    [HTTP_UPGRADE_INSECURE_REQUESTS] => 1
    [HTTP_USER_AGENT] => Mozilla/5.0 (Macintosh; Intel Mac OS X 10_15_5) AppleWebKit/537.36 (KHTML, like Gecko) Chrome/83.0.4103.61 Safari/537.36
    [HTTP_ACCEPT] => text/html,application/xhtml+xml,application/xml;q=0.9,image/webp,image/apng,*/*;q=0.8,application/signed-exchange;v=b3;q=0.9
    [HTTP_SEC_FETCH_SITE] => same-origin
    [HTTP_SEC_FETCH_MODE] => navigate
    [HTTP_SEC_FETCH_USER] => ?1
    [HTTP_SEC_FETCH_DEST] => document
    [HTTP_REFERER] => http://localhost:8080/
    [HTTP_ACCEPT_ENCODING] => gzip, deflate, br
    [HTTP_ACCEPT_LANGUAGE] => ja,en-US;q=0.9,en;q=0.8
    [REQUEST_TIME_FLOAT] => 1591335520.3937
    [REQUEST_TIME] => 1591335520
)


